#
# There is insufficient memory for the Java Runtime Environment to continue.
# Native memory allocation (malloc) failed to allocate 1068896 bytes for Chunk::new
# Possible reasons:
#   The system is out of physical RAM or swap space
#   The process is running with CompressedOops enabled, and the Java Heap may be blocking the growth of the native heap
# Possible solutions:
#   Reduce memory load on the system
#   Increase physical memory or swap space
#   Check if swap backing store is full
#   Decrease Java heap size (-Xmx/-Xms)
#   Decrease number of Java threads
#   Decrease Java thread stack sizes (-Xss)
#   Set larger code cache with -XX:ReservedCodeCacheSize=
#   JVM is running with Unscaled Compressed Oops mode in which the Java heap is
#     placed in the first 4GB address space. The Java Heap base address is the
#     maximum limit for the native heap growth. Please use -XX:HeapBaseMinAddress
#     to set the Java Heap base and to place the Java Heap above 4GB virtual address.
# This output file may be truncated or incomplete.
#
#  Out of Memory Error (arena.cpp:189), pid=4588, tid=7324
#
# JRE version: OpenJDK Runtime Environment (17.0.6) (build 17.0.6+0-b2043.56-10027231)
# Java VM: OpenJDK 64-Bit Server VM (17.0.6+0-b2043.56-10027231, mixed mode, tiered, compressed oops, compressed class ptrs, g1 gc, windows-amd64)
# No core dump will be written. Minidumps are not enabled by default on client versions of Windows
#

---------------  S U M M A R Y ------------

Command Line: --add-opens=java.base/java.util=ALL-UNNAMED --add-opens=java.base/java.lang=ALL-UNNAMED --add-opens=java.base/java.lang.invoke=ALL-UNNAMED --add-opens=java.prefs/java.util.prefs=ALL-UNNAMED --add-opens=java.base/java.nio.charset=ALL-UNNAMED --add-opens=java.base/java.net=ALL-UNNAMED --add-opens=java.base/java.util.concurrent.atomic=ALL-UNNAMED -Xmx2048m -Dfile.encoding=UTF-8 -Duser.country=US -Duser.language=en -Duser.variant org.gradle.launcher.daemon.bootstrap.GradleDaemon 8.0

Host: Intel(R) Core(TM) i3-10110U CPU @ 2.10GHz, 4 cores, 7G,  Windows 11 , 64 bit Build 22621 (10.0.22621.3235)
Time: Sat Mar 23 09:30:42 2024 SE Asia Standard Time elapsed time: 3074.029473 seconds (0d 0h 51m 14s)

---------------  T H R E A D  ---------------

Current thread (0x00000216f9423660):  JavaThread "C2 CompilerThread0" daemon [_thread_in_native, id=7324, stack(0x0000007f14a00000,0x0000007f14b00000)]


Current CompileTask:
C2:3074029 10570       4       org.gradle.internal.instantiation.generator.AbstractClassGenerator::inspectType (560 bytes)

Stack: [0x0000007f14a00000,0x0000007f14b00000]
Native frames: (J=compiled Java code, j=interpreted, Vv=VM code, C=native code)
V  [jvm.dll+0x683c9a]
V  [jvm.dll+0x8427a4]
V  [jvm.dll+0x843f9e]
V  [jvm.dll+0x844603]
V  [jvm.dll+0x249b75]
V  [jvm.dll+0xabcac]
V  [jvm.dll+0xac27c]
V  [jvm.dll+0x2b0eef]
V  [jvm.dll+0x58a267]
V  [jvm.dll+0x2243b2]
V  [jvm.dll+0x22478f]
V  [jvm.dll+0x21e055]
V  [jvm.dll+0x21b51b]
V  [jvm.dll+0x1a4fdd]
V  [jvm.dll+0x22b098]
V  [jvm.dll+0x229159]
V  [jvm.dll+0x7f81ec]
V  [jvm.dll+0x7f274a]
V  [jvm.dll+0x682ad5]
C  [ucrtbase.dll+0x29363]
C  [KERNEL32.DLL+0x1257d]
C  [ntdll.dll+0x5aa58]


---------------  P R O C E S S  ---------------

Threads class SMR info:
_java_thread_list=0x0000021682c01310, length=84, elements={
0x00000216df25cf70, 0x00000216f8848250, 0x00000216f880fc70, 0x00000216f8836390,
0x00000216f941f630, 0x00000216f94200f0, 0x00000216f94229c0, 0x00000216f9423660,
0x00000216f9424010, 0x00000216f94470e0, 0x00000216f9583820, 0x00000216f95a88d0,
0x00000216faadc060, 0x00000216faa698a0, 0x00000216faefd480, 0x00000216fae0aef0,
0x00000216fae0da40, 0x00000216fae0b3c0, 0x00000216fae0a080, 0x00000216fae0b890,
0x00000216fae0aa20, 0x00000216fae0c230, 0x00000216fae0bd60, 0x00000216fc244260,
0x00000216fc249dd0, 0x00000216fc2468e0, 0x00000216fc247750, 0x00000216fd51c8a0,
0x00000216fd51e580, 0x00000216fd51d240, 0x00000216fd519d50, 0x00000216fd51b090,
0x00000216fd51d710, 0x00000216fd51bf00, 0x00000216fd51dbe0, 0x00000216fd51e0b0,
0x00000216fd51f3f0, 0x00000216fd51b560, 0x00000216fd51a220, 0x00000216fd51c3d0,
0x00000216fc242580, 0x00000216fc242f20, 0x00000216fc2485c0, 0x00000216fc248f60,
0x00000216fc242a50, 0x00000216fc245a70, 0x00000216fc2433f0, 0x00000216fc2455a0,
0x00000216fc2438c0, 0x00000216fc2450d0, 0x00000216fc245f40, 0x00000216fc246410,
0x00000216fae0c700, 0x00000216fae0cbd0, 0x00000216fae0d0a0, 0x00000216fae0a550,
0x00000216fae0d570, 0x00000216fa0a0250, 0x00000216fa0a5dc0, 0x00000216fa0a0bf0,
0x00000216fa0a3270, 0x00000216fa0a28d0, 0x00000216fa09ef10, 0x00000216fa0a2da0,
0x00000216fa0a4f50, 0x00000216fa0a0720, 0x00000216fa0a5420, 0x00000216fa0a10c0,
0x00000216fa0a3740, 0x00000216fa0a3c10, 0x00000216fa09fd80, 0x00000216fa0a1590,
0x00000216fa09f3e0, 0x00000216fa0a1a60, 0x00000216fa0a1f30, 0x00000216fa09ea40,
0x00000216fa0a40e0, 0x00000216fa0a2400, 0x00000216fa0a4a80, 0x00000216fa0a6290,
0x00000216fa0a45b0, 0x00000216fa0a58f0, 0x00000216fdaeed20, 0x0000021682a8e2b0
}

Java Threads: ( => current thread )
  0x00000216df25cf70 JavaThread "main" [_thread_blocked, id=3860, stack(0x0000007f13d00000,0x0000007f13e00000)]
  0x00000216f8848250 JavaThread "Reference Handler" daemon [_thread_blocked, id=10812, stack(0x0000007f14400000,0x0000007f14500000)]
  0x00000216f880fc70 JavaThread "Finalizer" daemon [_thread_blocked, id=4328, stack(0x0000007f14500000,0x0000007f14600000)]
  0x00000216f8836390 JavaThread "Signal Dispatcher" daemon [_thread_blocked, id=9648, stack(0x0000007f14600000,0x0000007f14700000)]
  0x00000216f941f630 JavaThread "Attach Listener" daemon [_thread_blocked, id=17160, stack(0x0000007f14700000,0x0000007f14800000)]
  0x00000216f94200f0 JavaThread "Service Thread" daemon [_thread_blocked, id=14268, stack(0x0000007f14800000,0x0000007f14900000)]
  0x00000216f94229c0 JavaThread "Monitor Deflation Thread" daemon [_thread_blocked, id=13040, stack(0x0000007f14900000,0x0000007f14a00000)]
=>0x00000216f9423660 JavaThread "C2 CompilerThread0" daemon [_thread_in_native, id=7324, stack(0x0000007f14a00000,0x0000007f14b00000)]
  0x00000216f9424010 JavaThread "C1 CompilerThread0" daemon [_thread_blocked, id=5296, stack(0x0000007f14b00000,0x0000007f14c00000)]
  0x00000216f94470e0 JavaThread "Sweeper thread" daemon [_thread_blocked, id=4688, stack(0x0000007f14c00000,0x0000007f14d00000)]
  0x00000216f9583820 JavaThread "Common-Cleaner" daemon [_thread_blocked, id=16612, stack(0x0000007f14d00000,0x0000007f14e00000)]
  0x00000216f95a88d0 JavaThread "Notification Thread" daemon [_thread_blocked, id=11508, stack(0x0000007f14e00000,0x0000007f14f00000)]
  0x00000216faadc060 JavaThread "Daemon health stats" [_thread_blocked, id=8072, stack(0x0000007f15300000,0x0000007f15400000)]
  0x00000216faa698a0 JavaThread "Incoming local TCP Connector on port 53258" [_thread_in_native, id=8060, stack(0x0000007f15400000,0x0000007f15500000)]
  0x00000216faefd480 JavaThread "Daemon periodic checks" [_thread_blocked, id=16356, stack(0x0000007f15500000,0x0000007f15600000)]
  0x00000216fae0aef0 JavaThread "Cache worker for journal cache (C:\Users\bechj\.gradle\caches\journal-1)" [_thread_blocked, id=10780, stack(0x0000007f15d00000,0x0000007f15e00000)]
  0x00000216fae0da40 JavaThread "File lock request listener" [_thread_in_native, id=5228, stack(0x0000007f15e00000,0x0000007f15f00000)]
  0x00000216fae0b3c0 JavaThread "Cache worker for file hash cache (C:\Users\bechj\.gradle\caches\8.0\fileHashes)" [_thread_blocked, id=6172, stack(0x0000007f15f00000,0x0000007f16000000)]
  0x00000216fae0a080 JavaThread "File watcher server" daemon [_thread_in_native, id=12264, stack(0x0000007f16000000,0x0000007f16100000)]
  0x00000216fae0b890 JavaThread "File watcher consumer" daemon [_thread_blocked, id=7416, stack(0x0000007f16100000,0x0000007f16200000)]
  0x00000216fae0aa20 JavaThread "jar transforms" [_thread_blocked, id=16008, stack(0x0000007f16200000,0x0000007f16300000)]
  0x00000216fae0c230 JavaThread "jar transforms Thread 2" [_thread_blocked, id=13876, stack(0x0000007f16300000,0x0000007f16400000)]
  0x00000216fae0bd60 JavaThread "jar transforms Thread 3" [_thread_blocked, id=3944, stack(0x0000007f16400000,0x0000007f16500000)]
  0x00000216fc244260 JavaThread "jar transforms Thread 4" [_thread_blocked, id=16516, stack(0x0000007f16500000,0x0000007f16600000)]
  0x00000216fc249dd0 JavaThread "Cache worker for file content cache (C:\Users\bechj\.gradle\caches\8.0\fileContent)" [_thread_blocked, id=3340, stack(0x0000007f16800000,0x0000007f16900000)]
  0x00000216fc2468e0 JavaThread "Cache worker for execution history cache (C:\Users\bechj\.gradle\caches\8.0\executionHistory)" [_thread_blocked, id=15432, stack(0x0000007f16b00000,0x0000007f16c00000)]
  0x00000216fc247750 JavaThread "Cache worker for kotlin-dsl (C:\Users\bechj\.gradle\caches\8.0\kotlin-dsl)" [_thread_blocked, id=5388, stack(0x0000007f16c00000,0x0000007f16d00000)]
  0x00000216fd51c8a0 JavaThread "Memory manager" [_thread_blocked, id=3084, stack(0x0000007f19800000,0x0000007f19900000)]
  0x00000216fd51e580 JavaThread "pool-3-thread-1" [_thread_blocked, id=12796, stack(0x0000007f19900000,0x0000007f19a00000)]
  0x00000216fd51d240 JavaThread "Daemon Thread 2" [_thread_blocked, id=11980, stack(0x0000007f13a00000,0x0000007f13b00000)]
  0x00000216fd519d50 JavaThread "Handler for socket connection from /127.0.0.1:53258 to /127.0.0.1:54249" [_thread_in_native, id=16332, stack(0x0000007f13b00000,0x0000007f13c00000)]
  0x00000216fd51b090 JavaThread "Cancel handler" [_thread_blocked, id=15152, stack(0x0000007f13c00000,0x0000007f13d00000)]
  0x00000216fd51d710 JavaThread "Daemon worker Thread 2" [_thread_in_vm, id=14248, stack(0x0000007f15600000,0x0000007f15700000)]
  0x00000216fd51bf00 JavaThread "Asynchronous log dispatcher for DefaultDaemonConnection: socket connection from /127.0.0.1:53258 to /127.0.0.1:54249" [_thread_blocked, id=11212, stack(0x0000007f15700000,0x0000007f15800000)]
  0x00000216fd51dbe0 JavaThread "Stdin handler" [_thread_blocked, id=7224, stack(0x0000007f15800000,0x0000007f15900000)]
  0x00000216fd51e0b0 JavaThread "Daemon client event forwarder" [_thread_blocked, id=11972, stack(0x0000007f15900000,0x0000007f15a00000)]
  0x00000216fd51f3f0 JavaThread "Cache worker for checksums cache (D:\AppData\AndroidStudio\ClubMemberManager\.gradle\8.0\checksums)" [_thread_blocked, id=6000, stack(0x0000007f15a00000,0x0000007f15b00000)]
  0x00000216fd51b560 JavaThread "Cache worker for cache directory md-rule (C:\Users\bechj\.gradle\caches\8.0\md-rule)" [_thread_blocked, id=10520, stack(0x0000007f15b00000,0x0000007f15c00000)]
  0x00000216fd51a220 JavaThread "Cache worker for file hash cache (D:\AppData\AndroidStudio\ClubMemberManager\.gradle\8.0\fileHashes)" [_thread_blocked, id=16288, stack(0x0000007f15c00000,0x0000007f15d00000)]
  0x00000216fd51c3d0 JavaThread "Cache worker for cache directory md-supplier (C:\Users\bechj\.gradle\caches\8.0\md-supplier)" [_thread_blocked, id=984, stack(0x0000007f16600000,0x0000007f16700000)]
  0x00000216fc242580 JavaThread "Cache worker for dependencies-accessors (D:\AppData\AndroidStudio\ClubMemberManager\.gradle\8.0\dependencies-accessors)" [_thread_blocked, id=10592, stack(0x0000007f16700000,0x0000007f16800000)]
  0x00000216fc242f20 JavaThread "Cache worker for Build Output Cleanup Cache (D:\AppData\AndroidStudio\ClubMemberManager\.gradle\buildOutputCleanup)" [_thread_blocked, id=2124, stack(0x0000007f16a00000,0x0000007f16b00000)]
  0x00000216fc2485c0 JavaThread "Unconstrained build operations" [_thread_blocked, id=15956, stack(0x0000007f16d00000,0x0000007f16e00000)]
  0x00000216fc248f60 JavaThread "Unconstrained build operations Thread 2" [_thread_blocked, id=15496, stack(0x0000007f16e00000,0x0000007f16f00000)]
  0x00000216fc242a50 JavaThread "Unconstrained build operations Thread 3" [_thread_blocked, id=10452, stack(0x0000007f16f00000,0x0000007f17000000)]
  0x00000216fc245a70 JavaThread "Unconstrained build operations Thread 4" [_thread_blocked, id=16892, stack(0x0000007f17000000,0x0000007f17100000)]
  0x00000216fc2433f0 JavaThread "Unconstrained build operations Thread 5" [_thread_blocked, id=5876, stack(0x0000007f17100000,0x0000007f17200000)]
  0x00000216fc2455a0 JavaThread "Unconstrained build operations Thread 6" [_thread_blocked, id=9016, stack(0x0000007f17200000,0x0000007f17300000)]
  0x00000216fc2438c0 JavaThread "Unconstrained build operations Thread 7" [_thread_blocked, id=10284, stack(0x0000007f17300000,0x0000007f17400000)]
  0x00000216fc2450d0 JavaThread "Unconstrained build operations Thread 8" [_thread_blocked, id=17348, stack(0x0000007f17400000,0x0000007f17500000)]
  0x00000216fc245f40 JavaThread "Unconstrained build operations Thread 9" [_thread_blocked, id=4360, stack(0x0000007f17500000,0x0000007f17600000)]
  0x00000216fc246410 JavaThread "Unconstrained build operations Thread 10" [_thread_blocked, id=16800, stack(0x0000007f17600000,0x0000007f17700000)]
  0x00000216fae0c700 JavaThread "Unconstrained build operations Thread 11" [_thread_blocked, id=9008, stack(0x0000007f17700000,0x0000007f17800000)]
  0x00000216fae0cbd0 JavaThread "Unconstrained build operations Thread 12" [_thread_blocked, id=15996, stack(0x0000007f17800000,0x0000007f17900000)]
  0x00000216fae0d0a0 JavaThread "Unconstrained build operations Thread 13" [_thread_blocked, id=14284, stack(0x0000007f17900000,0x0000007f17a00000)]
  0x00000216fae0a550 JavaThread "Unconstrained build operations Thread 14" [_thread_blocked, id=6088, stack(0x0000007f17a00000,0x0000007f17b00000)]
  0x00000216fae0d570 JavaThread "Unconstrained build operations Thread 15" [_thread_blocked, id=9740, stack(0x0000007f17b00000,0x0000007f17c00000)]
  0x00000216fa0a0250 JavaThread "Unconstrained build operations Thread 16" [_thread_blocked, id=17132, stack(0x0000007f17c00000,0x0000007f17d00000)]
  0x00000216fa0a5dc0 JavaThread "Unconstrained build operations Thread 17" [_thread_blocked, id=11440, stack(0x0000007f17d00000,0x0000007f17e00000)]
  0x00000216fa0a0bf0 JavaThread "Unconstrained build operations Thread 18" [_thread_blocked, id=6812, stack(0x0000007f17e00000,0x0000007f17f00000)]
  0x00000216fa0a3270 JavaThread "Unconstrained build operations Thread 19" [_thread_blocked, id=2356, stack(0x0000007f17f00000,0x0000007f18000000)]
  0x00000216fa0a28d0 JavaThread "Unconstrained build operations Thread 20" [_thread_blocked, id=6140, stack(0x0000007f18000000,0x0000007f18100000)]
  0x00000216fa09ef10 JavaThread "Unconstrained build operations Thread 21" [_thread_blocked, id=1448, stack(0x0000007f18100000,0x0000007f18200000)]
  0x00000216fa0a2da0 JavaThread "Unconstrained build operations Thread 22" [_thread_blocked, id=15208, stack(0x0000007f18200000,0x0000007f18300000)]
  0x00000216fa0a4f50 JavaThread "Unconstrained build operations Thread 23" [_thread_blocked, id=13508, stack(0x0000007f18300000,0x0000007f18400000)]
  0x00000216fa0a0720 JavaThread "Unconstrained build operations Thread 24" [_thread_blocked, id=14144, stack(0x0000007f18400000,0x0000007f18500000)]
  0x00000216fa0a5420 JavaThread "Unconstrained build operations Thread 25" [_thread_blocked, id=9540, stack(0x0000007f18500000,0x0000007f18600000)]
  0x00000216fa0a10c0 JavaThread "Unconstrained build operations Thread 26" [_thread_blocked, id=8348, stack(0x0000007f18600000,0x0000007f18700000)]
  0x00000216fa0a3740 JavaThread "Unconstrained build operations Thread 27" [_thread_blocked, id=16020, stack(0x0000007f18700000,0x0000007f18800000)]
  0x00000216fa0a3c10 JavaThread "Unconstrained build operations Thread 28" [_thread_blocked, id=14228, stack(0x0000007f18800000,0x0000007f18900000)]
  0x00000216fa09fd80 JavaThread "Unconstrained build operations Thread 29" [_thread_blocked, id=3576, stack(0x0000007f18900000,0x0000007f18a00000)]
  0x00000216fa0a1590 JavaThread "Unconstrained build operations Thread 30" [_thread_blocked, id=6372, stack(0x0000007f18a00000,0x0000007f18b00000)]
  0x00000216fa09f3e0 JavaThread "Unconstrained build operations Thread 31" [_thread_blocked, id=14744, stack(0x0000007f18b00000,0x0000007f18c00000)]
  0x00000216fa0a1a60 JavaThread "Unconstrained build operations Thread 32" [_thread_blocked, id=8028, stack(0x0000007f18c00000,0x0000007f18d00000)]
  0x00000216fa0a1f30 JavaThread "Unconstrained build operations Thread 33" [_thread_blocked, id=5748, stack(0x0000007f18d00000,0x0000007f18e00000)]
  0x00000216fa09ea40 JavaThread "Unconstrained build operations Thread 34" [_thread_blocked, id=11192, stack(0x0000007f18e00000,0x0000007f18f00000)]
  0x00000216fa0a40e0 JavaThread "Unconstrained build operations Thread 35" [_thread_blocked, id=8548, stack(0x0000007f18f00000,0x0000007f19000000)]
  0x00000216fa0a2400 JavaThread "Unconstrained build operations Thread 36" [_thread_blocked, id=5312, stack(0x0000007f19000000,0x0000007f19100000)]
  0x00000216fa0a4a80 JavaThread "Unconstrained build operations Thread 37" [_thread_blocked, id=11056, stack(0x0000007f19100000,0x0000007f19200000)]
  0x00000216fa0a6290 JavaThread "Unconstrained build operations Thread 38" [_thread_blocked, id=4072, stack(0x0000007f19200000,0x0000007f19300000)]
  0x00000216fa0a45b0 JavaThread "Unconstrained build operations Thread 39" [_thread_blocked, id=1828, stack(0x0000007f19300000,0x0000007f19400000)]
  0x00000216fa0a58f0 JavaThread "Unconstrained build operations Thread 40" [_thread_blocked, id=4504, stack(0x0000007f19400000,0x0000007f19500000)]
  0x00000216fdaeed20 JavaThread "build event listener" [_thread_blocked, id=7328, stack(0x0000007f16900000,0x0000007f16a00000)]
  0x0000021682a8e2b0 JavaThread "C2 CompilerThread1" daemon [_thread_blocked, id=7576, stack(0x0000007f19500000,0x0000007f19600000)]

Other Threads:
  0x00000216f880d290 VMThread "VM Thread" [stack: 0x0000007f14300000,0x0000007f14400000] [id=368]
  0x00000216f95d59a0 WatcherThread [stack: 0x0000007f14f00000,0x0000007f15000000] [id=1620]
  0x00000216df2b75a0 GCTaskThread "GC Thread#0" [stack: 0x0000007f13e00000,0x0000007f13f00000] [id=10020]
  0x00000216f967c8b0 GCTaskThread "GC Thread#1" [stack: 0x0000007f15000000,0x0000007f15100000] [id=14384]
  0x00000216f9ba02f0 GCTaskThread "GC Thread#2" [stack: 0x0000007f15100000,0x0000007f15200000] [id=15136]
  0x00000216fa3f9280 GCTaskThread "GC Thread#3" [stack: 0x0000007f15200000,0x0000007f15300000] [id=3192]
  0x00000216df2c83f0 ConcurrentGCThread "G1 Main Marker" [stack: 0x0000007f13f00000,0x0000007f14000000] [id=1040]
  0x00000216df2c8d10 ConcurrentGCThread "G1 Conc#0" [stack: 0x0000007f14000000,0x0000007f14100000] [id=12332]
  0x00000216f86724b0 ConcurrentGCThread "G1 Refine#0" [stack: 0x0000007f14100000,0x0000007f14200000] [id=12308]
  0x00000216df31e6d0 ConcurrentGCThread "G1 Service" [stack: 0x0000007f14200000,0x0000007f14300000] [id=13348]

Threads with active compile tasks:
C2 CompilerThread0  3074049 10570       4       org.gradle.internal.instantiation.generator.AbstractClassGenerator::inspectType (560 bytes)

VM state: not at safepoint (normal execution)

VM Mutex/Monitor currently owned by a thread: None

Heap address: 0x0000000080000000, size: 2048 MB, Compressed Oops mode: 32-bit

CDS archive(s) not mapped
Compressed class space mapped at: 0x0000000100000000-0x0000000140000000, reserved size: 1073741824
Narrow klass base: 0x0000000000000000, Narrow klass shift: 3, Narrow klass range: 0x140000000

GC Precious Log:
 CPUs: 4 total, 4 available
 Memory: 8025M
 Large Page Support: Disabled
 NUMA Support: Disabled
 Compressed Oops: Enabled (32-bit)
 Heap Region Size: 1M
 Heap Min Capacity: 8M
 Heap Initial Capacity: 126M
 Heap Max Capacity: 2G
 Pre-touch: Disabled
 Parallel Workers: 4
 Concurrent Workers: 1
 Concurrent Refinement Workers: 4
 Periodic GC: Disabled

Heap:
 garbage-first heap   total 146432K, used 87643K [0x0000000080000000, 0x0000000100000000)
  region size 1024K, 12 young (12288K), 6 survivors (6144K)
 Metaspace       used 92750K, committed 93568K, reserved 1130496K
  class space    used 12143K, committed 12544K, reserved 1048576K

Heap Regions: E=young(eden), S=young(survivor), O=old, HS=humongous(starts), HC=humongous(continues), CS=collection set, F=free, OA=open archive, CA=closed archive, TAMS=top-at-mark-start (previous, next)
|   0|0x0000000080000000, 0x0000000080100000, 0x0000000080100000|100%| O|  |TAMS 0x0000000080100000, 0x0000000080000000| Untracked 
|   1|0x0000000080100000, 0x0000000080200000, 0x0000000080200000|100%| O|  |TAMS 0x0000000080200000, 0x0000000080100000| Untracked 
|   2|0x0000000080200000, 0x0000000080300000, 0x0000000080300000|100%|HS|  |TAMS 0x0000000080300000, 0x0000000080200000| Complete 
|   3|0x0000000080300000, 0x0000000080400000, 0x0000000080400000|100%|HC|  |TAMS 0x0000000080400000, 0x0000000080300000| Complete 
|   4|0x0000000080400000, 0x0000000080500000, 0x0000000080500000|100%|HC|  |TAMS 0x0000000080500000, 0x0000000080400000| Complete 
|   5|0x0000000080500000, 0x0000000080600000, 0x0000000080600000|100%|HC|  |TAMS 0x0000000080600000, 0x0000000080500000| Complete 
|   6|0x0000000080600000, 0x0000000080700000, 0x0000000080700000|100%| O|  |TAMS 0x0000000080700000, 0x0000000080600000| Untracked 
|   7|0x0000000080700000, 0x0000000080800000, 0x0000000080800000|100%| O|  |TAMS 0x0000000080800000, 0x0000000080700000| Untracked 
|   8|0x0000000080800000, 0x0000000080900000, 0x0000000080900000|100%| O|  |TAMS 0x0000000080900000, 0x0000000080800000| Untracked 
|   9|0x0000000080900000, 0x0000000080a00000, 0x0000000080a00000|100%| O|  |TAMS 0x0000000080a00000, 0x0000000080900000| Untracked 
|  10|0x0000000080a00000, 0x0000000080b00000, 0x0000000080b00000|100%| O|  |TAMS 0x0000000080b00000, 0x0000000080a00000| Untracked 
|  11|0x0000000080b00000, 0x0000000080c00000, 0x0000000080c00000|100%| O|  |TAMS 0x0000000080bcfa00, 0x0000000080b00000| Untracked 
|  12|0x0000000080c00000, 0x0000000080d00000, 0x0000000080d00000|100%| O|  |TAMS 0x0000000080d00000, 0x0000000080c00000| Untracked 
|  13|0x0000000080d00000, 0x0000000080e00000, 0x0000000080e00000|100%| O|  |TAMS 0x0000000080e00000, 0x0000000080d00000| Untracked 
|  14|0x0000000080e00000, 0x0000000080f00000, 0x0000000080f00000|100%| O|  |TAMS 0x0000000080f00000, 0x0000000080e00000| Untracked 
|  15|0x0000000080f00000, 0x0000000081000000, 0x0000000081000000|100%| O|  |TAMS 0x0000000081000000, 0x0000000080f00000| Untracked 
|  16|0x0000000081000000, 0x0000000081100000, 0x0000000081100000|100%| O|  |TAMS 0x0000000081100000, 0x0000000081000000| Untracked 
|  17|0x0000000081100000, 0x0000000081200000, 0x0000000081200000|100%| O|  |TAMS 0x0000000081200000, 0x0000000081100000| Untracked 
|  18|0x0000000081200000, 0x0000000081300000, 0x0000000081300000|100%| O|  |TAMS 0x0000000081300000, 0x0000000081200000| Untracked 
|  19|0x0000000081300000, 0x0000000081400000, 0x0000000081400000|100%|HS|  |TAMS 0x0000000081400000, 0x0000000081300000| Complete 
|  20|0x0000000081400000, 0x0000000081500000, 0x0000000081500000|100%|HC|  |TAMS 0x0000000081500000, 0x0000000081400000| Complete 
|  21|0x0000000081500000, 0x0000000081600000, 0x0000000081600000|100%|HS|  |TAMS 0x0000000081600000, 0x0000000081500000| Complete 
|  22|0x0000000081600000, 0x0000000081700000, 0x0000000081700000|100%|HC|  |TAMS 0x0000000081700000, 0x0000000081600000| Complete 
|  23|0x0000000081700000, 0x0000000081800000, 0x0000000081800000|100%|HC|  |TAMS 0x0000000081800000, 0x0000000081700000| Complete 
|  24|0x0000000081800000, 0x0000000081900000, 0x0000000081900000|100%| O|  |TAMS 0x0000000081900000, 0x0000000081800000| Untracked 
|  25|0x0000000081900000, 0x0000000081a00000, 0x0000000081a00000|100%| O|  |TAMS 0x0000000081a00000, 0x0000000081900000| Untracked 
|  26|0x0000000081a00000, 0x0000000081b00000, 0x0000000081b00000|100%| O|  |TAMS 0x0000000081b00000, 0x0000000081a00000| Untracked 
|  27|0x0000000081b00000, 0x0000000081c00000, 0x0000000081c00000|100%| O|  |TAMS 0x0000000081c00000, 0x0000000081b00000| Untracked 
|  28|0x0000000081c00000, 0x0000000081d00000, 0x0000000081d00000|100%| O|  |TAMS 0x0000000081d00000, 0x0000000081c00000| Untracked 
|  29|0x0000000081d00000, 0x0000000081e00000, 0x0000000081e00000|100%| O|  |TAMS 0x0000000081d00000, 0x0000000081d00000| Untracked 
|  30|0x0000000081e00000, 0x0000000081f00000, 0x0000000081f00000|100%| O|  |TAMS 0x0000000081f00000, 0x0000000081e00000| Untracked 
|  31|0x0000000081f00000, 0x0000000082000000, 0x0000000082000000|100%| O|  |TAMS 0x0000000082000000, 0x0000000081f00000| Untracked 
|  32|0x0000000082000000, 0x0000000082100000, 0x0000000082100000|100%| O|  |TAMS 0x0000000082100000, 0x0000000082000000| Untracked 
|  33|0x0000000082100000, 0x0000000082200000, 0x0000000082200000|100%| O|  |TAMS 0x0000000082200000, 0x0000000082100000| Untracked 
|  34|0x0000000082200000, 0x0000000082300000, 0x0000000082300000|100%| O|  |TAMS 0x0000000082300000, 0x0000000082200000| Untracked 
|  35|0x0000000082300000, 0x0000000082400000, 0x0000000082400000|100%|HS|  |TAMS 0x0000000082400000, 0x0000000082300000| Complete 
|  36|0x0000000082400000, 0x0000000082500000, 0x0000000082500000|100%|HC|  |TAMS 0x0000000082500000, 0x0000000082400000| Complete 
|  37|0x0000000082500000, 0x0000000082600000, 0x0000000082600000|100%|HC|  |TAMS 0x0000000082600000, 0x0000000082500000| Complete 
|  38|0x0000000082600000, 0x0000000082700000, 0x0000000082700000|100%| O|  |TAMS 0x0000000082700000, 0x0000000082600000| Untracked 
|  39|0x0000000082700000, 0x0000000082800000, 0x0000000082800000|100%| O|  |TAMS 0x0000000082800000, 0x0000000082700000| Untracked 
|  40|0x0000000082800000, 0x0000000082900000, 0x0000000082900000|100%| O|  |TAMS 0x0000000082900000, 0x0000000082800000| Untracked 
|  41|0x0000000082900000, 0x0000000082a00000, 0x0000000082a00000|100%| O|  |TAMS 0x0000000082a00000, 0x0000000082900000| Untracked 
|  42|0x0000000082a00000, 0x0000000082b00000, 0x0000000082b00000|100%| O|  |TAMS 0x0000000082b00000, 0x0000000082a00000| Untracked 
|  43|0x0000000082b00000, 0x0000000082c00000, 0x0000000082c00000|100%| O|  |TAMS 0x0000000082c00000, 0x0000000082b00000| Untracked 
|  44|0x0000000082c00000, 0x0000000082d00000, 0x0000000082d00000|100%| O|  |TAMS 0x0000000082d00000, 0x0000000082c00000| Untracked 
|  45|0x0000000082d00000, 0x0000000082e00000, 0x0000000082e00000|100%| O|  |TAMS 0x0000000082e00000, 0x0000000082d00000| Untracked 
|  46|0x0000000082e00000, 0x0000000082f00000, 0x0000000082f00000|100%|HS|  |TAMS 0x0000000082f00000, 0x0000000082e00000| Complete 
|  47|0x0000000082f00000, 0x0000000083000000, 0x0000000083000000|100%|HS|  |TAMS 0x0000000083000000, 0x0000000082f00000| Complete 
|  48|0x0000000083000000, 0x0000000083100000, 0x0000000083100000|100%|HS|  |TAMS 0x0000000083100000, 0x0000000083000000| Complete 
|  49|0x0000000083100000, 0x0000000083200000, 0x0000000083200000|100%| O|  |TAMS 0x0000000083100000, 0x0000000083100000| Untracked 
|  50|0x0000000083200000, 0x0000000083300000, 0x0000000083300000|100%| O|  |TAMS 0x0000000083300000, 0x0000000083200000| Untracked 
|  51|0x0000000083300000, 0x0000000083400000, 0x0000000083400000|100%| O|  |TAMS 0x0000000083400000, 0x0000000083300000| Untracked 
|  52|0x0000000083400000, 0x0000000083500000, 0x0000000083500000|100%| O|  |TAMS 0x0000000083500000, 0x0000000083400000| Untracked 
|  53|0x0000000083500000, 0x0000000083600000, 0x0000000083600000|100%| O|  |TAMS 0x0000000083600000, 0x0000000083500000| Untracked 
|  54|0x0000000083600000, 0x0000000083700000, 0x0000000083700000|100%| O|  |TAMS 0x0000000083700000, 0x0000000083600000| Untracked 
|  55|0x0000000083700000, 0x0000000083800000, 0x0000000083800000|100%| O|  |TAMS 0x0000000083800000, 0x0000000083700000| Untracked 
|  56|0x0000000083800000, 0x0000000083900000, 0x0000000083900000|100%| O|  |TAMS 0x0000000083800000, 0x0000000083800000| Untracked 
|  57|0x0000000083900000, 0x0000000083a00000, 0x0000000083a00000|100%| O|  |TAMS 0x0000000083900000, 0x0000000083900000| Untracked 
|  58|0x0000000083a00000, 0x0000000083b00000, 0x0000000083b00000|100%| O|  |TAMS 0x0000000083a00000, 0x0000000083a00000| Untracked 
|  59|0x0000000083b00000, 0x0000000083c00000, 0x0000000083c00000|100%| O|  |TAMS 0x0000000083b00000, 0x0000000083b00000| Untracked 
|  60|0x0000000083c00000, 0x0000000083d00000, 0x0000000083d00000|100%| O|  |TAMS 0x0000000083c00000, 0x0000000083c00000| Untracked 
|  61|0x0000000083d00000, 0x0000000083e00000, 0x0000000083e00000|100%| O|  |TAMS 0x0000000083d00000, 0x0000000083d00000| Untracked 
|  62|0x0000000083e00000, 0x0000000083f00000, 0x0000000083f00000|100%| O|  |TAMS 0x0000000083e00000, 0x0000000083e00000| Untracked 
|  63|0x0000000083f00000, 0x0000000084000000, 0x0000000084000000|100%| O|  |TAMS 0x0000000083f00000, 0x0000000083f00000| Untracked 
|  64|0x0000000084000000, 0x0000000084100000, 0x0000000084100000|100%| O|  |TAMS 0x0000000084000000, 0x0000000084000000| Untracked 
|  65|0x0000000084100000, 0x0000000084200000, 0x0000000084200000|100%| O|  |TAMS 0x0000000084100000, 0x0000000084100000| Untracked 
|  66|0x0000000084200000, 0x0000000084300000, 0x0000000084300000|100%| O|  |TAMS 0x0000000084200000, 0x0000000084200000| Untracked 
|  67|0x0000000084300000, 0x0000000084400000, 0x0000000084400000|100%| O|  |TAMS 0x0000000084300000, 0x0000000084300000| Untracked 
|  68|0x0000000084400000, 0x0000000084500000, 0x0000000084500000|100%| O|  |TAMS 0x0000000084400000, 0x0000000084400000| Untracked 
|  69|0x0000000084500000, 0x0000000084600000, 0x0000000084600000|100%| O|  |TAMS 0x0000000084500000, 0x0000000084500000| Untracked 
|  70|0x0000000084600000, 0x0000000084700000, 0x0000000084700000|100%| O|  |TAMS 0x0000000084600000, 0x0000000084600000| Untracked 
|  71|0x0000000084700000, 0x0000000084800000, 0x0000000084800000|100%| O|  |TAMS 0x0000000084700000, 0x0000000084700000| Untracked 
|  72|0x0000000084800000, 0x0000000084900000, 0x0000000084900000|100%| O|  |TAMS 0x0000000084800000, 0x0000000084800000| Untracked 
|  73|0x0000000084900000, 0x0000000084a00000, 0x0000000084a00000|100%| O|  |TAMS 0x0000000084900000, 0x0000000084900000| Untracked 
|  74|0x0000000084a00000, 0x0000000084a96c00, 0x0000000084b00000| 58%| O|  |TAMS 0x0000000084a00000, 0x0000000084a00000| Untracked 
|  75|0x0000000084b00000, 0x0000000084b00000, 0x0000000084c00000|  0%| F|  |TAMS 0x0000000084b00000, 0x0000000084b00000| Untracked 
|  76|0x0000000084c00000, 0x0000000084c00000, 0x0000000084d00000|  0%| F|  |TAMS 0x0000000084c00000, 0x0000000084c00000| Untracked 
|  77|0x0000000084d00000, 0x0000000084d00000, 0x0000000084e00000|  0%| F|  |TAMS 0x0000000084d00000, 0x0000000084d00000| Untracked 
|  78|0x0000000084e00000, 0x0000000084e00000, 0x0000000084f00000|  0%| F|  |TAMS 0x0000000084e00000, 0x0000000084e00000| Untracked 
|  79|0x0000000084f00000, 0x0000000084f00000, 0x0000000085000000|  0%| F|  |TAMS 0x0000000084f00000, 0x0000000084f00000| Untracked 
|  80|0x0000000085000000, 0x0000000085000000, 0x0000000085100000|  0%| F|  |TAMS 0x0000000085000000, 0x0000000085000000| Untracked 
|  81|0x0000000085100000, 0x0000000085100000, 0x0000000085200000|  0%| F|  |TAMS 0x0000000085100000, 0x0000000085100000| Untracked 
|  82|0x0000000085200000, 0x0000000085200000, 0x0000000085300000|  0%| F|  |TAMS 0x0000000085200000, 0x0000000085200000| Untracked 
|  83|0x0000000085300000, 0x0000000085300000, 0x0000000085400000|  0%| F|  |TAMS 0x0000000085300000, 0x0000000085300000| Untracked 
|  84|0x0000000085400000, 0x0000000085400000, 0x0000000085500000|  0%| F|  |TAMS 0x0000000085400000, 0x0000000085400000| Untracked 
|  85|0x0000000085500000, 0x0000000085500000, 0x0000000085600000|  0%| F|  |TAMS 0x0000000085500000, 0x0000000085500000| Untracked 
|  86|0x0000000085600000, 0x0000000085600000, 0x0000000085700000|  0%| F|  |TAMS 0x0000000085600000, 0x0000000085600000| Untracked 
|  87|0x0000000085700000, 0x0000000085700000, 0x0000000085800000|  0%| F|  |TAMS 0x0000000085700000, 0x0000000085700000| Untracked 
|  88|0x0000000085800000, 0x0000000085800000, 0x0000000085900000|  0%| F|  |TAMS 0x0000000085800000, 0x0000000085800000| Untracked 
|  89|0x0000000085900000, 0x0000000085900000, 0x0000000085a00000|  0%| F|  |TAMS 0x0000000085900000, 0x0000000085900000| Untracked 
|  90|0x0000000085a00000, 0x0000000085a00000, 0x0000000085b00000|  0%| F|  |TAMS 0x0000000085a00000, 0x0000000085a00000| Untracked 
|  91|0x0000000085b00000, 0x0000000085b00000, 0x0000000085c00000|  0%| F|  |TAMS 0x0000000085b00000, 0x0000000085b00000| Untracked 
|  92|0x0000000085c00000, 0x0000000085c00000, 0x0000000085d00000|  0%| F|  |TAMS 0x0000000085c00000, 0x0000000085c00000| Untracked 
|  93|0x0000000085d00000, 0x0000000085d00000, 0x0000000085e00000|  0%| F|  |TAMS 0x0000000085d00000, 0x0000000085d00000| Untracked 
|  94|0x0000000085e00000, 0x0000000085e00000, 0x0000000085f00000|  0%| F|  |TAMS 0x0000000085e00000, 0x0000000085e00000| Untracked 
|  95|0x0000000085f00000, 0x0000000086000000, 0x0000000086000000|100%| S|CS|TAMS 0x0000000085f00000, 0x0000000085f00000| Complete 
|  96|0x0000000086000000, 0x0000000086100000, 0x0000000086100000|100%| S|CS|TAMS 0x0000000086000000, 0x0000000086000000| Complete 
|  97|0x0000000086100000, 0x0000000086200000, 0x0000000086200000|100%| S|CS|TAMS 0x0000000086100000, 0x0000000086100000| Complete 
|  98|0x0000000086200000, 0x0000000086300000, 0x0000000086300000|100%| S|CS|TAMS 0x0000000086200000, 0x0000000086200000| Complete 
|  99|0x0000000086300000, 0x0000000086300000, 0x0000000086400000|  0%| F|  |TAMS 0x0000000086300000, 0x0000000086300000| Untracked 
| 100|0x0000000086400000, 0x0000000086400000, 0x0000000086500000|  0%| F|  |TAMS 0x0000000086400000, 0x0000000086400000| Untracked 
| 101|0x0000000086500000, 0x0000000086500000, 0x0000000086600000|  0%| F|  |TAMS 0x0000000086500000, 0x0000000086500000| Untracked 
| 102|0x0000000086600000, 0x0000000086700000, 0x0000000086700000|100%| S|CS|TAMS 0x0000000086600000, 0x0000000086600000| Complete 
| 103|0x0000000086700000, 0x0000000086800000, 0x0000000086800000|100%| S|CS|TAMS 0x0000000086700000, 0x0000000086700000| Complete 
| 104|0x0000000086800000, 0x0000000086800000, 0x0000000086900000|  0%| F|  |TAMS 0x0000000086800000, 0x0000000086800000| Untracked 
| 105|0x0000000086900000, 0x0000000086900000, 0x0000000086a00000|  0%| F|  |TAMS 0x0000000086900000, 0x0000000086900000| Untracked 
| 106|0x0000000086a00000, 0x0000000086a00000, 0x0000000086b00000|  0%| F|  |TAMS 0x0000000086a00000, 0x0000000086a00000| Untracked 
| 107|0x0000000086b00000, 0x0000000086b00000, 0x0000000086c00000|  0%| F|  |TAMS 0x0000000086b00000, 0x0000000086b00000| Untracked 
| 108|0x0000000086c00000, 0x0000000086c00000, 0x0000000086d00000|  0%| F|  |TAMS 0x0000000086c00000, 0x0000000086c00000| Untracked 
| 109|0x0000000086d00000, 0x0000000086d00000, 0x0000000086e00000|  0%| F|  |TAMS 0x0000000086d00000, 0x0000000086d00000| Untracked 
| 110|0x0000000086e00000, 0x0000000086e00000, 0x0000000086f00000|  0%| F|  |TAMS 0x0000000086e00000, 0x0000000086e00000| Untracked 
| 111|0x0000000086f00000, 0x0000000086f00000, 0x0000000087000000|  0%| F|  |TAMS 0x0000000086f00000, 0x0000000086f00000| Untracked 
| 112|0x0000000087000000, 0x0000000087000000, 0x0000000087100000|  0%| F|  |TAMS 0x0000000087000000, 0x0000000087000000| Untracked 
| 113|0x0000000087100000, 0x0000000087100000, 0x0000000087200000|  0%| F|  |TAMS 0x0000000087100000, 0x0000000087100000| Untracked 
| 114|0x0000000087200000, 0x0000000087200000, 0x0000000087300000|  0%| F|  |TAMS 0x0000000087200000, 0x0000000087200000| Untracked 
| 115|0x0000000087300000, 0x0000000087300000, 0x0000000087400000|  0%| F|  |TAMS 0x0000000087300000, 0x0000000087300000| Untracked 
| 116|0x0000000087400000, 0x0000000087400000, 0x0000000087500000|  0%| F|  |TAMS 0x0000000087400000, 0x0000000087400000| Untracked 
| 117|0x0000000087500000, 0x0000000087500000, 0x0000000087600000|  0%| F|  |TAMS 0x0000000087500000, 0x0000000087500000| Untracked 
| 118|0x0000000087600000, 0x0000000087600000, 0x0000000087700000|  0%| F|  |TAMS 0x0000000087600000, 0x0000000087600000| Untracked 
| 119|0x0000000087700000, 0x0000000087700000, 0x0000000087800000|  0%| F|  |TAMS 0x0000000087700000, 0x0000000087700000| Untracked 
| 120|0x0000000087800000, 0x0000000087800000, 0x0000000087900000|  0%| F|  |TAMS 0x0000000087800000, 0x0000000087800000| Untracked 
| 121|0x0000000087900000, 0x0000000087900000, 0x0000000087a00000|  0%| F|  |TAMS 0x0000000087900000, 0x0000000087900000| Untracked 
| 122|0x0000000087a00000, 0x0000000087a00000, 0x0000000087b00000|  0%| F|  |TAMS 0x0000000087a00000, 0x0000000087a00000| Untracked 
| 123|0x0000000087b00000, 0x0000000087b00000, 0x0000000087c00000|  0%| F|  |TAMS 0x0000000087b00000, 0x0000000087b00000| Untracked 
| 124|0x0000000087c00000, 0x0000000087c00000, 0x0000000087d00000|  0%| F|  |TAMS 0x0000000087c00000, 0x0000000087c00000| Untracked 
| 125|0x0000000087d00000, 0x0000000087d00000, 0x0000000087e00000|  0%| F|  |TAMS 0x0000000087d00000, 0x0000000087d00000| Untracked 
| 126|0x0000000087e00000, 0x0000000087e00000, 0x0000000087f00000|  0%| F|  |TAMS 0x0000000087e00000, 0x0000000087e00000| Untracked 
| 127|0x0000000087f00000, 0x0000000087f00000, 0x0000000088000000|  0%| F|  |TAMS 0x0000000087f00000, 0x0000000087f00000| Untracked 
| 128|0x0000000088000000, 0x0000000088000000, 0x0000000088100000|  0%| F|  |TAMS 0x0000000088000000, 0x0000000088000000| Untracked 
| 129|0x0000000088100000, 0x0000000088100000, 0x0000000088200000|  0%| F|  |TAMS 0x0000000088100000, 0x0000000088100000| Untracked 
| 130|0x0000000088200000, 0x0000000088200000, 0x0000000088300000|  0%| F|  |TAMS 0x0000000088200000, 0x0000000088200000| Untracked 
| 131|0x0000000088300000, 0x0000000088300000, 0x0000000088400000|  0%| F|  |TAMS 0x0000000088300000, 0x0000000088300000| Untracked 
| 132|0x0000000088400000, 0x0000000088400000, 0x0000000088500000|  0%| F|  |TAMS 0x0000000088400000, 0x0000000088400000| Untracked 
| 133|0x0000000088500000, 0x0000000088500000, 0x0000000088600000|  0%| F|  |TAMS 0x0000000088500000, 0x0000000088500000| Untracked 
| 134|0x0000000088600000, 0x0000000088600000, 0x0000000088700000|  0%| F|  |TAMS 0x0000000088600000, 0x0000000088600000| Untracked 
| 135|0x0000000088700000, 0x0000000088700000, 0x0000000088800000|  0%| F|  |TAMS 0x0000000088700000, 0x0000000088700000| Untracked 
| 136|0x0000000088800000, 0x0000000088800000, 0x0000000088900000|  0%| F|  |TAMS 0x0000000088800000, 0x0000000088800000| Untracked 
| 137|0x0000000088900000, 0x00000000889651b8, 0x0000000088a00000| 39%| E|  |TAMS 0x0000000088900000, 0x0000000088900000| Complete 
| 138|0x0000000088a00000, 0x0000000088b00000, 0x0000000088b00000|100%| E|CS|TAMS 0x0000000088a00000, 0x0000000088a00000| Complete 
| 139|0x0000000088b00000, 0x0000000088c00000, 0x0000000088c00000|100%| E|CS|TAMS 0x0000000088b00000, 0x0000000088b00000| Complete 
| 140|0x0000000088c00000, 0x0000000088d00000, 0x0000000088d00000|100%| E|CS|TAMS 0x0000000088c00000, 0x0000000088c00000| Complete 
| 141|0x0000000088d00000, 0x0000000088e00000, 0x0000000088e00000|100%| E|CS|TAMS 0x0000000088d00000, 0x0000000088d00000| Complete 
| 142|0x0000000088e00000, 0x0000000088f00000, 0x0000000088f00000|100%| E|CS|TAMS 0x0000000088e00000, 0x0000000088e00000| Complete 

Card table byte_map: [0x00000216f1b20000,0x00000216f1f20000] _byte_map_base: 0x00000216f1720000

Marking Bits (Prev, Next): (CMBitMap*) 0x00000216df2b7ac0, (CMBitMap*) 0x00000216df2b7b00
 Prev Bits: [0x00000216f2320000, 0x00000216f4320000)
 Next Bits: [0x00000216f4320000, 0x00000216f6320000)

Polling page: 0x00000216dd160000

Metaspace:

Usage:
  Non-class:     78.73 MB used.
      Class:     11.86 MB used.
       Both:     90.59 MB used.

Virtual space:
  Non-class space:       80.00 MB reserved,      79.12 MB ( 99%) committed,  10 nodes.
      Class space:        1.00 GB reserved,      12.25 MB (  1%) committed,  1 nodes.
             Both:        1.08 GB reserved,      91.38 MB (  8%) committed. 

Chunk freelists:
   Non-Class:  885.00 KB
       Class:  3.80 MB
        Both:  4.66 MB

MaxMetaspaceSize: unlimited
CompressedClassSpaceSize: 1.00 GB
Initial GC threshold: 21.00 MB
Current GC threshold: 103.69 MB
CDS: off
MetaspaceReclaimPolicy: balanced
 - commit_granule_bytes: 65536.
 - commit_granule_words: 8192.
 - virtual_space_node_default_size: 1048576.
 - enlarge_chunks_in_place: 1.
 - new_chunks_are_fully_committed: 0.
 - uncommit_free_chunks: 1.
 - use_allocation_guard: 0.
 - handle_deallocations: 1.


Internal statistics:

num_allocs_failed_limit: 9.
num_arena_births: 1176.
num_arena_deaths: 0.
num_vsnodes_births: 11.
num_vsnodes_deaths: 0.
num_space_committed: 1460.
num_space_uncommitted: 0.
num_chunks_returned_to_freelist: 9.
num_chunks_taken_from_freelist: 4548.
num_chunk_merges: 6.
num_chunk_splits: 3025.
num_chunks_enlarged: 2012.
num_purges: 0.
num_inconsistent_stats: 0.

CodeHeap 'non-profiled nmethods': size=120000Kb used=5566Kb max_used=5953Kb free=114433Kb
 bounds [0x00000216ea1f0000, 0x00000216ea7d0000, 0x00000216f1720000]
CodeHeap 'profiled nmethods': size=120000Kb used=18392Kb max_used=19088Kb free=101608Kb
 bounds [0x00000216e2720000, 0x00000216e39d0000, 0x00000216e9c50000]
CodeHeap 'non-nmethods': size=5760Kb used=2380Kb max_used=2462Kb free=3380Kb
 bounds [0x00000216e9c50000, 0x00000216e9ed0000, 0x00000216ea1f0000]
 total_blobs=10264 nmethods=9346 adapters=828
 compilation: enabled
              stopped_count=0, restarted_count=0
 full_count=0

Compilation events (20 events):
Event: 3074.008 Thread 0x00000216f9424010 10618       1       java.lang.NamedPackage::packageName (5 bytes)
Event: 3074.008 Thread 0x0000021682a8e2b0 10610       4       java.util.Spliterators$ArraySpliterator::estimateSize (11 bytes)
Event: 3074.008 Thread 0x00000216f9424010 nmethod 10618 0x00000216ea273c90 code [0x00000216ea273e20, 0x00000216ea273ef8]
Event: 3074.008 Thread 0x0000021682a8e2b0 nmethod 10610 0x00000216ea4ae310 code [0x00000216ea4ae480, 0x00000216ea4ae4f8]
Event: 3074.012 Thread 0x00000216f9424010 10619       1       org.gradle.internal.properties.annotations.AbstractPropertyAnnotationHandler::getAnnotationType (5 bytes)
Event: 3074.012 Thread 0x00000216f9424010 nmethod 10619 0x00000216ea4adf90 code [0x00000216ea4ae120, 0x00000216ea4ae1f8]
Event: 3074.013 Thread 0x00000216f9424010 10620       1       org.gradle.internal.properties.annotations.AbstractTypeAnnotationHandler::getAnnotationType (5 bytes)
Event: 3074.013 Thread 0x00000216f9424010 nmethod 10620 0x00000216ea278310 code [0x00000216ea2784a0, 0x00000216ea278578]
Event: 3074.013 Thread 0x00000216f9424010 10621       3       java.util.ArrayDeque::addFirst (51 bytes)
Event: 3074.013 Thread 0x00000216f9424010 nmethod 10621 0x00000216e2e75190 code [0x00000216e2e75360, 0x00000216e2e757f8]
Event: 3074.017 Thread 0x0000021682a8e2b0 10622       4       sun.reflect.generics.visitor.Reifier::getResult (26 bytes)
Event: 3074.017 Thread 0x0000021682a8e2b0 nmethod 10622 0x00000216ea277f10 code [0x00000216ea278080, 0x00000216ea2780f8]
Event: 3074.019 Thread 0x00000216f9424010 10623       3       java.security.CodeSource::<init> (52 bytes)
Event: 3074.020 Thread 0x00000216f9424010 nmethod 10623 0x00000216e30ff710 code [0x00000216e30ff8e0, 0x00000216e30ffe58]
Event: 3074.020 Thread 0x00000216f9424010 10624       3       java.lang.reflect.Proxy::<init> (15 bytes)
Event: 3074.021 Thread 0x00000216f9424010 nmethod 10624 0x00000216e2e61090 code [0x00000216e2e61240, 0x00000216e2e61568]
Event: 3074.025 Thread 0x00000216f9424010 10625       3       java.lang.CharacterDataLatin1::isLowerCase (16 bytes)
Event: 3074.025 Thread 0x00000216f9424010 nmethod 10625 0x00000216e2f3b810 code [0x00000216e2f3b9c0, 0x00000216e2f3bbd8]
Event: 3074.026 Thread 0x00000216f9424010 10626       3       org.gradle.internal.instantiation.generator.AbstractClassGenerator$PropertyMetadata::getGenericType (34 bytes)
Event: 3074.027 Thread 0x00000216f9424010 nmethod 10626 0x00000216e2c96910 code [0x00000216e2c96b60, 0x00000216e2c976c8]

GC Heap History (20 events):
Event: 11.695 GC heap before
{Heap before GC invocations=34 (full 0):
 garbage-first heap   total 121856K, used 84958K [0x0000000080000000, 0x0000000100000000)
  region size 1024K, 23 young (23552K), 3 survivors (3072K)
 Metaspace       used 64223K, committed 64768K, reserved 1105920K
  class space    used 8538K, committed 8768K, reserved 1048576K
}
Event: 11.700 GC heap after
{Heap after GC invocations=35 (full 0):
 garbage-first heap   total 146432K, used 60488K [0x0000000080000000, 0x0000000100000000)
  region size 1024K, 3 young (3072K), 3 survivors (3072K)
 Metaspace       used 64223K, committed 64768K, reserved 1105920K
  class space    used 8538K, committed 8768K, reserved 1048576K
}
Event: 11.793 GC heap before
{Heap before GC invocations=35 (full 0):
 garbage-first heap   total 146432K, used 64584K [0x0000000080000000, 0x0000000100000000)
  region size 1024K, 7 young (7168K), 3 survivors (3072K)
 Metaspace       used 64635K, committed 65216K, reserved 1105920K
  class space    used 8591K, committed 8832K, reserved 1048576K
}
Event: 11.796 GC heap after
{Heap after GC invocations=36 (full 0):
 garbage-first heap   total 146432K, used 60674K [0x0000000080000000, 0x0000000100000000)
  region size 1024K, 1 young (1024K), 1 survivors (1024K)
 Metaspace       used 64635K, committed 65216K, reserved 1105920K
  class space    used 8591K, committed 8832K, reserved 1048576K
}
Event: 12.520 GC heap before
{Heap before GC invocations=36 (full 0):
 garbage-first heap   total 146432K, used 100610K [0x0000000080000000, 0x0000000100000000)
  region size 1024K, 40 young (40960K), 1 survivors (1024K)
 Metaspace       used 68283K, committed 68864K, reserved 1114112K
  class space    used 9064K, committed 9344K, reserved 1048576K
}
Event: 12.525 GC heap after
{Heap after GC invocations=37 (full 0):
 garbage-first heap   total 146432K, used 63456K [0x0000000080000000, 0x0000000100000000)
  region size 1024K, 4 young (4096K), 4 survivors (4096K)
 Metaspace       used 68283K, committed 68864K, reserved 1114112K
  class space    used 9064K, committed 9344K, reserved 1048576K
}
Event: 13.095 GC heap before
{Heap before GC invocations=37 (full 0):
 garbage-first heap   total 146432K, used 104416K [0x0000000080000000, 0x0000000100000000)
  region size 1024K, 45 young (46080K), 4 survivors (4096K)
 Metaspace       used 72740K, committed 73408K, reserved 1114112K
  class space    used 9656K, committed 9984K, reserved 1048576K
}
Event: 13.103 GC heap after
{Heap after GC invocations=38 (full 0):
 garbage-first heap   total 146432K, used 68048K [0x0000000080000000, 0x0000000100000000)
  region size 1024K, 6 young (6144K), 6 survivors (6144K)
 Metaspace       used 72740K, committed 73408K, reserved 1114112K
  class space    used 9656K, committed 9984K, reserved 1048576K
}
Event: 14.153 GC heap before
{Heap before GC invocations=38 (full 0):
 garbage-first heap   total 146432K, used 109008K [0x0000000080000000, 0x0000000100000000)
  region size 1024K, 46 young (47104K), 6 survivors (6144K)
 Metaspace       used 77052K, committed 77696K, reserved 1122304K
  class space    used 10277K, committed 10560K, reserved 1048576K
}
Event: 14.161 GC heap after
{Heap after GC invocations=39 (full 0):
 garbage-first heap   total 146432K, used 70160K [0x0000000080000000, 0x0000000100000000)
  region size 1024K, 3 young (3072K), 3 survivors (3072K)
 Metaspace       used 77052K, committed 77696K, reserved 1122304K
  class space    used 10277K, committed 10560K, reserved 1048576K
}
Event: 15.223 GC heap before
{Heap before GC invocations=39 (full 0):
 garbage-first heap   total 146432K, used 111120K [0x0000000080000000, 0x0000000100000000)
  region size 1024K, 43 young (44032K), 3 survivors (3072K)
 Metaspace       used 81889K, committed 82624K, reserved 1122304K
  class space    used 11139K, committed 11520K, reserved 1048576K
}
Event: 15.228 GC heap after
{Heap after GC invocations=40 (full 0):
 garbage-first heap   total 146432K, used 72391K [0x0000000080000000, 0x0000000100000000)
  region size 1024K, 5 young (5120K), 5 survivors (5120K)
 Metaspace       used 81889K, committed 82624K, reserved 1122304K
  class space    used 11139K, committed 11520K, reserved 1048576K
}
Event: 180.671 GC heap before
{Heap before GC invocations=40 (full 0):
 garbage-first heap   total 146432K, used 114375K [0x0000000080000000, 0x0000000100000000)
  region size 1024K, 46 young (47104K), 5 survivors (5120K)
 Metaspace       used 88734K, committed 89536K, reserved 1130496K
  class space    used 11743K, committed 12096K, reserved 1048576K
}
Event: 180.683 GC heap after
{Heap after GC invocations=41 (full 0):
 garbage-first heap   total 146432K, used 76326K [0x0000000080000000, 0x0000000100000000)
  region size 1024K, 6 young (6144K), 6 survivors (6144K)
 Metaspace       used 88734K, committed 89536K, reserved 1130496K
  class space    used 11743K, committed 12096K, reserved 1048576K
}
Event: 2182.668 GC heap before
{Heap before GC invocations=41 (full 0):
 garbage-first heap   total 146432K, used 115238K [0x0000000080000000, 0x0000000100000000)
  region size 1024K, 44 young (45056K), 6 survivors (6144K)
 Metaspace       used 88995K, committed 89728K, reserved 1130496K
  class space    used 11743K, committed 12096K, reserved 1048576K
}
Event: 2182.799 GC heap after
{Heap after GC invocations=42 (full 0):
 garbage-first heap   total 146432K, used 77403K [0x0000000080000000, 0x0000000100000000)
  region size 1024K, 1 young (1024K), 1 survivors (1024K)
 Metaspace       used 88995K, committed 89728K, reserved 1130496K
  class space    used 11743K, committed 12096K, reserved 1048576K
}
Event: 3068.872 GC heap before
{Heap before GC invocations=42 (full 0):
 garbage-first heap   total 146432K, used 120411K [0x0000000080000000, 0x0000000100000000)
  region size 1024K, 41 young (41984K), 1 survivors (1024K)
 Metaspace       used 90827K, committed 91584K, reserved 1130496K
  class space    used 11942K, committed 12288K, reserved 1048576K
}
Event: 3068.885 GC heap after
{Heap after GC invocations=43 (full 0):
 garbage-first heap   total 146432K, used 78564K [0x0000000080000000, 0x0000000100000000)
  region size 1024K, 3 young (3072K), 3 survivors (3072K)
 Metaspace       used 90827K, committed 91584K, reserved 1130496K
  class space    used 11942K, committed 12288K, reserved 1048576K
}
Event: 3073.925 GC heap before
{Heap before GC invocations=43 (full 0):
 garbage-first heap   total 146432K, used 117476K [0x0000000080000000, 0x0000000100000000)
  region size 1024K, 42 young (43008K), 3 survivors (3072K)
 Metaspace       used 92450K, committed 93184K, reserved 1130496K
  class space    used 12108K, committed 12480K, reserved 1048576K
}
Event: 3073.941 GC heap after
{Heap after GC invocations=44 (full 0):
 garbage-first heap   total 146432K, used 82523K [0x0000000080000000, 0x0000000100000000)
  region size 1024K, 6 young (6144K), 6 survivors (6144K)
 Metaspace       used 92450K, committed 93184K, reserved 1130496K
  class space    used 12108K, committed 12480K, reserved 1048576K
}

Dll operation events (2 events):
Event: 0.007 Loaded shared library D:\Android Studio\jbr\bin\java.dll
Event: 0.580 Loaded shared library D:\Android Studio\jbr\bin\verify.dll

Deoptimization events (20 events):
Event: 3072.795 Thread 0x00000216fd51d710 DEOPT PACKING pc=0x00000216e2d69bce sp=0x0000007f156f9370
Event: 3072.795 Thread 0x00000216fd51d710 DEOPT UNPACKING pc=0x00000216e9ca7143 sp=0x0000007f156f8838 mode 0
Event: 3072.829 Thread 0x00000216fd51d710 Uncommon trap: trap_request=0xfffffff4 fr.pc=0x00000216ea7b04f8 relative=0x00000000000000d8
Event: 3072.829 Thread 0x00000216fd51d710 Uncommon trap: reason=null_check action=make_not_entrant pc=0x00000216ea7b04f8 method=org.gradle.tooling.internal.provider.runner.ClientBuildEventGenerator$Disabled.accept(Lorg/gradle/internal/operations/BuildOperationDescriptor;)Lorg/gradle/tooling/inter
Event: 3072.829 Thread 0x00000216fd51d710 DEOPT PACKING pc=0x00000216ea7b04f8 sp=0x0000007f156fa250
Event: 3072.838 Thread 0x00000216fd51d710 DEOPT UNPACKING pc=0x00000216e9ca69a3 sp=0x0000007f156fa1d8 mode 2
Event: 3073.151 Thread 0x00000216fd51d710 Uncommon trap: trap_request=0xffffff45 fr.pc=0x00000216ea2bd25c relative=0x000000000000005c
Event: 3073.151 Thread 0x00000216fd51d710 Uncommon trap: reason=unstable_if action=reinterpret pc=0x00000216ea2bd25c method=java.util.Objects.equals(Ljava/lang/Object;Ljava/lang/Object;)Z @ 6 c2
Event: 3073.151 Thread 0x00000216fd51d710 DEOPT PACKING pc=0x00000216ea2bd25c sp=0x0000007f156fa860
Event: 3073.151 Thread 0x00000216fd51d710 DEOPT UNPACKING pc=0x00000216e9ca69a3 sp=0x0000007f156fa800 mode 2
Event: 3073.272 Thread 0x00000216fd51d710 Uncommon trap: trap_request=0xffffff45 fr.pc=0x00000216ea67672c relative=0x00000000000009ac
Event: 3073.272 Thread 0x00000216fd51d710 Uncommon trap: reason=unstable_if action=reinterpret pc=0x00000216ea67672c method=java.util.regex.Pattern.escape(ZZZ)I @ 8 c2
Event: 3073.273 Thread 0x00000216fd51d710 DEOPT PACKING pc=0x00000216ea67672c sp=0x0000007f156f9c40
Event: 3073.273 Thread 0x00000216fd51d710 DEOPT UNPACKING pc=0x00000216e9ca69a3 sp=0x0000007f156f9be0 mode 2
Event: 3073.887 Thread 0x00000216fd51d710 DEOPT PACKING pc=0x00000216e32bfd55 sp=0x0000007f156f8f80
Event: 3073.888 Thread 0x00000216fd51d710 DEOPT UNPACKING pc=0x00000216e9ca7143 sp=0x0000007f156f8548 mode 0
Event: 3073.954 Thread 0x00000216fd51d710 Uncommon trap: trap_request=0xffffffbe fr.pc=0x00000216ea7ae064 relative=0x00000000000001c4
Event: 3073.954 Thread 0x00000216fd51d710 Uncommon trap: reason=profile_predicate action=maybe_recompile pc=0x00000216ea7ae064 method=java.util.LinkedHashMap.keysToArray([Ljava/lang/Object;)[Ljava/lang/Object; @ 12 c2
Event: 3073.954 Thread 0x00000216fd51d710 DEOPT PACKING pc=0x00000216ea7ae064 sp=0x0000007f156f8000
Event: 3073.954 Thread 0x00000216fd51d710 DEOPT UNPACKING pc=0x00000216e9ca69a3 sp=0x0000007f156f7fb8 mode 2

Classes unloaded (0 events):
No events

Classes redefined (0 events):
No events

Internal exceptions (20 events):
Event: 3068.966 Thread 0x00000216fd51e0b0 Exception <a 'java/lang/NoSuchMethodError'{0x0000000088e85c00}: static Lorg/gradle/internal/build/event/types/DefaultOperationDescriptor;.<clinit>()V> (0x0000000088e85c00) 
thrown [s\src\hotspot\share\prims\jni.cpp, line 1108]
Event: 3068.968 Thread 0x00000216fd51e0b0 Exception <a 'java/lang/NoSuchMethodError'{0x0000000088ede178}: static Lorg/gradle/internal/operations/OperationIdentifier;.<clinit>()V> (0x0000000088ede178) 
thrown [s\src\hotspot\share\prims\jni.cpp, line 1108]
Event: 3069.728 Thread 0x00000216fd51d710 Exception <a 'java/lang/NoSuchMethodError'{0x0000000087f67bd0}: 'long java.lang.invoke.DirectMethodHandle$Holder.invokeVirtual(java.lang.Object, java.lang.Object)'> (0x0000000087f67bd0) 
thrown [s\src\hotspot\share\interpreter\linkResolver.cpp, line 771]
Event: 3069.791 Thread 0x00000216fd51e0b0 Exception <a 'java/lang/NoSuchMethodError'{0x0000000088ee6bf8}: static Lorg/gradle/internal/build/event/types/DefaultOperationFinishedProgressEvent;.<clinit>()V> (0x0000000088ee6bf8) 
thrown [s\src\hotspot\share\prims\jni.cpp, line 1108]
Event: 3069.794 Thread 0x00000216fd51e0b0 Exception <a 'java/lang/NoSuchMethodError'{0x0000000087cb6960}: static Lorg/gradle/internal/build/event/types/DefaultProjectConfigurationSuccessResult;.<clinit>()V> (0x0000000087cb6960) 
thrown [s\src\hotspot\share\prims\jni.cpp, line 1108]
Event: 3069.795 Thread 0x00000216fd51e0b0 Exception <a 'java/lang/NoSuchMethodError'{0x0000000087cb7a18}: static Lorg/gradle/internal/build/event/types/AbstractProjectConfigurationResult;.<clinit>()V> (0x0000000087cb7a18) 
thrown [s\src\hotspot\share\prims\jni.cpp, line 1108]
Event: 3069.795 Thread 0x00000216fd51e0b0 Exception <a 'java/lang/NoSuchMethodError'{0x0000000087cb8cc8}: static Lorg/gradle/internal/build/event/types/AbstractOperationResult;.<clinit>()V> (0x0000000087cb8cc8) 
thrown [s\src\hotspot\share\prims\jni.cpp, line 1108]
Event: 3069.795 Thread 0x00000216fd51e0b0 Exception <a 'java/lang/NoSuchMethodError'{0x0000000087cb9c88}: static Lorg/gradle/internal/build/event/types/AbstractResult;.<clinit>()V> (0x0000000087cb9c88) 
thrown [s\src\hotspot\share\prims\jni.cpp, line 1108]
Event: 3069.796 Thread 0x00000216fd51e0b0 Exception <a 'java/lang/NoSuchMethodError'{0x0000000087cc32b0}: static Lorg/gradle/internal/build/event/types/DefaultPluginApplicationResult;.<clinit>()V> (0x0000000087cc32b0) 
thrown [s\src\hotspot\share\prims\jni.cpp, line 1108]
Event: 3069.797 Thread 0x00000216fd51e0b0 Exception <a 'java/lang/NoSuchMethodError'{0x0000000087ccd300}: static Lorg/gradle/internal/build/event/types/DefaultBinaryPluginIdentifier;.<clinit>()V> (0x0000000087ccd300) 
thrown [s\src\hotspot\share\prims\jni.cpp, line 1108]
Event: 3069.812 Thread 0x00000216fd51e0b0 Exception <a 'java/lang/NoSuchMethodError'{0x0000000087ce0720}: static Lorg/gradle/internal/build/event/types/DefaultScriptPluginIdentifier;.<clinit>()V> (0x0000000087ce0720) 
thrown [s\src\hotspot\share\prims\jni.cpp, line 1108]
Event: 3071.929 Thread 0x00000216fd51d710 Exception <a 'sun/nio/fs/WindowsException'{0x000000008771e9d8}> (0x000000008771e9d8) 
thrown [s\src\hotspot\share\prims\jni.cpp, line 517]
Event: 3072.656 Thread 0x00000216fd51d710 Exception <a 'sun/nio/fs/WindowsException'{0x000000008735ff10}> (0x000000008735ff10) 
thrown [s\src\hotspot\share\prims\jni.cpp, line 517]
Event: 3072.705 Thread 0x00000216fd51d710 Exception <a 'sun/nio/fs/WindowsException'{0x000000008724f088}> (0x000000008724f088) 
thrown [s\src\hotspot\share\prims\jni.cpp, line 517]
Event: 3072.730 Thread 0x00000216fd51d710 Exception <a 'sun/nio/fs/WindowsException'{0x00000000871192b8}> (0x00000000871192b8) 
thrown [s\src\hotspot\share\prims\jni.cpp, line 517]
Event: 3072.748 Thread 0x00000216fd51d710 Exception <a 'sun/nio/fs/WindowsException'{0x00000000871a4c38}> (0x00000000871a4c38) 
thrown [s\src\hotspot\share\prims\jni.cpp, line 517]
Event: 3072.756 Thread 0x00000216fd51d710 Exception <a 'sun/nio/fs/WindowsException'{0x000000008700f0d8}> (0x000000008700f0d8) 
thrown [s\src\hotspot\share\prims\jni.cpp, line 517]
Event: 3072.798 Thread 0x00000216fd51d710 Exception <a 'java/lang/NoClassDefFoundError'{0x00000000870d3348}: org/jetbrains/kotlin/gradle/plugin/KotlinBasePluginWrapper> (0x00000000870d3348) 
thrown [s\src\hotspot\share\oops\constantPool.cpp, line 835]
Event: 3072.798 Thread 0x00000216fd51d710 Exception <a 'java/lang/NoClassDefFoundError'{0x00000000870d5af0}: org/jetbrains/kotlin/gradle/plugin/KotlinBasePluginWrapper> (0x00000000870d5af0) 
thrown [s\src\hotspot\share\oops\constantPool.cpp, line 835]
Event: 3072.829 Thread 0x00000216fd51d710 Implicit null exception at 0x00000216ea7b0460 to 0x00000216ea7b04ec

VM Operations (20 events):
Event: 3069.258 Executing VM operation: ICBufferFull
Event: 3069.258 Executing VM operation: ICBufferFull done
Event: 3069.751 Executing VM operation: HandshakeAllThreads
Event: 3069.751 Executing VM operation: HandshakeAllThreads done
Event: 3069.786 Executing VM operation: HandshakeAllThreads
Event: 3069.786 Executing VM operation: HandshakeAllThreads done
Event: 3070.787 Executing VM operation: Cleanup
Event: 3070.825 Executing VM operation: Cleanup done
Event: 3071.832 Executing VM operation: Cleanup
Event: 3071.833 Executing VM operation: Cleanup done
Event: 3072.826 Executing VM operation: ICBufferFull
Event: 3072.827 Executing VM operation: ICBufferFull done
Event: 3072.934 Executing VM operation: HandshakeAllThreads
Event: 3072.944 Executing VM operation: HandshakeAllThreads done
Event: 3073.146 Executing VM operation: ICBufferFull
Event: 3073.149 Executing VM operation: ICBufferFull done
Event: 3073.272 Executing VM operation: HandshakeAllThreads
Event: 3073.273 Executing VM operation: HandshakeAllThreads done
Event: 3073.925 Executing VM operation: G1CollectForAllocation
Event: 3073.941 Executing VM operation: G1CollectForAllocation done

Events (20 events):
Event: 3073.290 Thread 0x00000216f94470e0 flushing nmethod 0x00000216e31a4110
Event: 3073.290 Thread 0x00000216f94470e0 flushing nmethod 0x00000216e31a5e90
Event: 3073.290 Thread 0x00000216f94470e0 flushing nmethod 0x00000216e31c1990
Event: 3073.290 Thread 0x00000216f94470e0 flushing nmethod 0x00000216e31cd190
Event: 3073.290 Thread 0x00000216f94470e0 flushing nmethod 0x00000216e31cf890
Event: 3073.290 Thread 0x00000216f94470e0 flushing nmethod 0x00000216e320d190
Event: 3073.290 Thread 0x00000216f94470e0 flushing nmethod 0x00000216e323c490
Event: 3073.290 Thread 0x00000216f94470e0 flushing nmethod 0x00000216e3267590
Event: 3073.290 Thread 0x00000216f94470e0 flushing nmethod 0x00000216e3284090
Event: 3073.291 Thread 0x00000216f94470e0 flushing nmethod 0x00000216e3297b10
Event: 3073.291 Thread 0x00000216f94470e0 flushing nmethod 0x00000216e333fb10
Event: 3073.291 Thread 0x00000216f94470e0 flushing nmethod 0x00000216e3380b90
Event: 3073.292 Thread 0x00000216f94470e0 flushing nmethod 0x00000216e33b0d90
Event: 3073.292 Thread 0x00000216f94470e0 flushing nmethod 0x00000216e33b1a90
Event: 3073.292 Thread 0x00000216f94470e0 flushing nmethod 0x00000216e33d4690
Event: 3073.292 Thread 0x00000216f94470e0 flushing nmethod 0x00000216e33d7490
Event: 3073.292 Thread 0x00000216f94470e0 flushing nmethod 0x00000216e34ba310
Event: 3073.894 loading class java/util/zip/ZipOutputStream
Event: 3073.895 loading class java/util/zip/ZipOutputStream done
Event: 3073.990 Thread 0x0000021682a8e2b0 Thread added: 0x0000021682a8e2b0


Dynamic libraries:
0x00007ff735880000 - 0x00007ff73588a000 	D:\Android Studio\jbr\bin\java.exe
0x00007ffd9c590000 - 0x00007ffd9c7a6000 	C:\Windows\SYSTEM32\ntdll.dll
0x00007ffd9bec0000 - 0x00007ffd9bf84000 	C:\Windows\System32\KERNEL32.DLL
0x00007ffd99e10000 - 0x00007ffd9a1b6000 	C:\Windows\System32\KERNELBASE.dll
0x00007ffd9a1c0000 - 0x00007ffd9a2d1000 	C:\Windows\System32\ucrtbase.dll
0x00007ffd7aae0000 - 0x00007ffd7aaf7000 	D:\Android Studio\jbr\bin\jli.dll
0x00007ffd9c120000 - 0x00007ffd9c2cd000 	C:\Windows\System32\USER32.dll
0x00007ffd99990000 - 0x00007ffd999b6000 	C:\Windows\System32\win32u.dll
0x00007ffd9ac20000 - 0x00007ffd9ac49000 	C:\Windows\System32\GDI32.dll
0x00007ffd999c0000 - 0x00007ffd99ad8000 	C:\Windows\System32\gdi32full.dll
0x00007ffd99bd0000 - 0x00007ffd99c6a000 	C:\Windows\System32\msvcp_win.dll
0x00007ffd7d3c0000 - 0x00007ffd7d653000 	C:\Windows\WinSxS\amd64_microsoft.windows.common-controls_6595b64144ccf1df_6.0.22621.3235_none_270f74e173860f98\COMCTL32.dll
0x00007ffd9c480000 - 0x00007ffd9c527000 	C:\Windows\System32\msvcrt.dll
0x00007ffd7a880000 - 0x00007ffd7a89b000 	D:\Android Studio\jbr\bin\VCRUNTIME140.dll
0x00007ffd9ab80000 - 0x00007ffd9abb1000 	C:\Windows\System32\IMM32.DLL
0x00007ffd7a9d0000 - 0x00007ffd7a9dc000 	D:\Android Studio\jbr\bin\vcruntime140_1.dll
0x00007ffd3abf0000 - 0x00007ffd3ac7d000 	D:\Android Studio\jbr\bin\msvcp140.dll
0x00007ffcfcd10000 - 0x00007ffcfd97e000 	D:\Android Studio\jbr\bin\server\jvm.dll
0x00007ffd9a440000 - 0x00007ffd9a4f2000 	C:\Windows\System32\ADVAPI32.dll
0x00007ffd9a9d0000 - 0x00007ffd9aa78000 	C:\Windows\System32\sechost.dll
0x00007ffd99de0000 - 0x00007ffd99e08000 	C:\Windows\System32\bcrypt.dll
0x00007ffd9af00000 - 0x00007ffd9b015000 	C:\Windows\System32\RPCRT4.dll
0x00007ffd884f0000 - 0x00007ffd884f9000 	C:\Windows\SYSTEM32\WSOCK32.dll
0x00007ffd9ae70000 - 0x00007ffd9aee1000 	C:\Windows\System32\WS2_32.dll
0x00007ffd96cb0000 - 0x00007ffd96ce4000 	C:\Windows\SYSTEM32\WINMM.dll
0x00007ffd8a0f0000 - 0x00007ffd8a0fa000 	C:\Windows\SYSTEM32\VERSION.dll
0x00007ffd988d0000 - 0x00007ffd988e8000 	C:\Windows\SYSTEM32\kernel.appcore.dll
0x00007ffd82c30000 - 0x00007ffd82c3a000 	D:\Android Studio\jbr\bin\jimage.dll
0x00007ffd967b0000 - 0x00007ffd969e3000 	C:\Windows\SYSTEM32\DBGHELP.DLL
0x00007ffd9b130000 - 0x00007ffd9b4b8000 	C:\Windows\System32\combase.dll
0x00007ffd9b4c0000 - 0x00007ffd9b597000 	C:\Windows\System32\OLEAUT32.dll
0x00007ffd63f10000 - 0x00007ffd63f42000 	C:\Windows\SYSTEM32\dbgcore.DLL
0x00007ffd99ae0000 - 0x00007ffd99b5a000 	C:\Windows\System32\bcryptPrimitives.dll
0x00007ffd7d320000 - 0x00007ffd7d345000 	D:\Android Studio\jbr\bin\java.dll
0x00007ffd7d300000 - 0x00007ffd7d318000 	D:\Android Studio\jbr\bin\zip.dll
0x00007ffd9b5d0000 - 0x00007ffd9be2d000 	C:\Windows\System32\SHELL32.dll
0x00007ffd977e0000 - 0x00007ffd980d8000 	C:\Windows\SYSTEM32\windows.storage.dll
0x00007ffd976a0000 - 0x00007ffd977de000 	C:\Windows\SYSTEM32\wintypes.dll
0x00007ffd9c020000 - 0x00007ffd9c113000 	C:\Windows\System32\SHCORE.dll
0x00007ffd9abc0000 - 0x00007ffd9ac1e000 	C:\Windows\System32\shlwapi.dll
0x00007ffd99800000 - 0x00007ffd99826000 	C:\Windows\SYSTEM32\profapi.dll
0x00007ffd7d2e0000 - 0x00007ffd7d2f9000 	D:\Android Studio\jbr\bin\net.dll
0x00007ffd93ed0000 - 0x00007ffd94007000 	C:\Windows\SYSTEM32\WINHTTP.dll
0x00007ffd98d50000 - 0x00007ffd98db9000 	C:\Windows\system32\mswsock.dll
0x00007ffd7d2c0000 - 0x00007ffd7d2d6000 	D:\Android Studio\jbr\bin\nio.dll
0x00007ffd7d270000 - 0x00007ffd7d280000 	D:\Android Studio\jbr\bin\verify.dll
0x00007ffd7a8a0000 - 0x00007ffd7a8c7000 	C:\Users\bechj\.gradle\native\68d5fa5c4cc2d200863cafc0d521ce42e7d3e7ee720ec0a83991735586a16f82\windows-amd64\native-platform.dll
0x00007ffd1d960000 - 0x00007ffd1daa4000 	C:\Users\bechj\.gradle\native\e376f236ea51e6404a007f0833ffe2c6e607c4080706a723a18a27aeea778392\windows-amd64\native-platform-file-events.dll
0x00007ffd7c4f0000 - 0x00007ffd7c4f9000 	D:\Android Studio\jbr\bin\management.dll
0x00007ffd7ab10000 - 0x00007ffd7ab1b000 	D:\Android Studio\jbr\bin\management_ext.dll
0x00007ffd9c010000 - 0x00007ffd9c018000 	C:\Windows\System32\PSAPI.DLL
0x00007ffd98fc0000 - 0x00007ffd98fdb000 	C:\Windows\SYSTEM32\CRYPTSP.dll
0x00007ffd98830000 - 0x00007ffd98865000 	C:\Windows\system32\rsaenh.dll
0x00007ffd98e20000 - 0x00007ffd98e4c000 	C:\Windows\SYSTEM32\USERENV.dll
0x00007ffd98fe0000 - 0x00007ffd98fec000 	C:\Windows\SYSTEM32\CRYPTBASE.dll
0x00007ffd98380000 - 0x00007ffd983ad000 	C:\Windows\SYSTEM32\IPHLPAPI.DLL
0x00007ffd9b5c0000 - 0x00007ffd9b5c9000 	C:\Windows\System32\NSI.dll
0x00007ffd93e40000 - 0x00007ffd93e59000 	C:\Windows\SYSTEM32\dhcpcsvc6.DLL
0x00007ffd93e20000 - 0x00007ffd93e3f000 	C:\Windows\SYSTEM32\dhcpcsvc.DLL
0x00007ffd98400000 - 0x00007ffd984f9000 	C:\Windows\SYSTEM32\DNSAPI.dll
0x00007ffd6bd50000 - 0x00007ffd6bd58000 	C:\Windows\system32\wshunix.dll

dbghelp: loaded successfully - version: 4.0.5 - missing functions: none
symbol engine: initialized successfully - sym options: 0x614 - pdb path: .;D:\Android Studio\jbr\bin;C:\Windows\SYSTEM32;C:\Windows\WinSxS\amd64_microsoft.windows.common-controls_6595b64144ccf1df_6.0.22621.3235_none_270f74e173860f98;D:\Android Studio\jbr\bin\server;C:\Users\bechj\.gradle\native\68d5fa5c4cc2d200863cafc0d521ce42e7d3e7ee720ec0a83991735586a16f82\windows-amd64;C:\Users\bechj\.gradle\native\e376f236ea51e6404a007f0833ffe2c6e607c4080706a723a18a27aeea778392\windows-amd64

VM Arguments:
jvm_args: --add-opens=java.base/java.util=ALL-UNNAMED --add-opens=java.base/java.lang=ALL-UNNAMED --add-opens=java.base/java.lang.invoke=ALL-UNNAMED --add-opens=java.prefs/java.util.prefs=ALL-UNNAMED --add-opens=java.base/java.nio.charset=ALL-UNNAMED --add-opens=java.base/java.net=ALL-UNNAMED --add-opens=java.base/java.util.concurrent.atomic=ALL-UNNAMED -Xmx2048m -Dfile.encoding=UTF-8 -Duser.country=US -Duser.language=en -Duser.variant 
java_command: org.gradle.launcher.daemon.bootstrap.GradleDaemon 8.0
java_class_path (initial): C:\Users\bechj\.gradle\wrapper\dists\gradle-8.0-bin\ca5e32bp14vu59qr306oxotwh\gradle-8.0\lib\gradle-launcher-8.0.jar
Launcher Type: SUN_STANDARD

[Global flags]
     intx CICompilerCount                          = 3                                         {product} {ergonomic}
     uint ConcGCThreads                            = 1                                         {product} {ergonomic}
     uint G1ConcRefinementThreads                  = 4                                         {product} {ergonomic}
   size_t G1HeapRegionSize                         = 1048576                                   {product} {ergonomic}
    uintx GCDrainStackTargetSize                   = 64                                        {product} {ergonomic}
   size_t InitialHeapSize                          = 132120576                                 {product} {ergonomic}
   size_t MarkStackSize                            = 4194304                                   {product} {ergonomic}
   size_t MaxHeapSize                              = 2147483648                                {product} {command line}
   size_t MaxNewSize                               = 1287651328                                {product} {ergonomic}
   size_t MinHeapDeltaBytes                        = 1048576                                   {product} {ergonomic}
   size_t MinHeapSize                              = 8388608                                   {product} {ergonomic}
    uintx NonNMethodCodeHeapSize                   = 5832780                                {pd product} {ergonomic}
    uintx NonProfiledCodeHeapSize                  = 122912730                              {pd product} {ergonomic}
    uintx ProfiledCodeHeapSize                     = 122912730                              {pd product} {ergonomic}
    uintx ReservedCodeCacheSize                    = 251658240                              {pd product} {ergonomic}
     bool SegmentedCodeCache                       = true                                      {product} {ergonomic}
   size_t SoftMaxHeapSize                          = 2147483648                             {manageable} {ergonomic}
     bool UseCompressedClassPointers               = true                           {product lp64_product} {ergonomic}
     bool UseCompressedOops                        = true                           {product lp64_product} {ergonomic}
     bool UseG1GC                                  = true                                      {product} {ergonomic}
     bool UseLargePagesIndividualAllocation        = false                                  {pd product} {ergonomic}

Logging:
Log output configuration:
 #0: stdout all=warning uptime,level,tags
 #1: stderr all=off uptime,level,tags

Environment Variables:
PATH=C:\Program Files\Common Files\Oracle\Java\javapath;C:\Windows\system32;C:\Windows;C:\Windows\System32\Wbem;C:\Windows\System32\WindowsPowerShell\v1.0\;C:\Windows\System32\OpenSSH\;C:\Program Files\Microsoft SQL Server\150\Tools\Binn\;C:\Program Files\Microsoft SQL Server\Client SDK\ODBC\170\Tools\Binn\;D:\Git\cmd;C:\Program Files\MySQL\MySQL Server 8.0\bin;C:\Program Files\dotnet\;C:\Program Files (x86)\Windows Kits\10\Windows Performance Toolkit\;C:\ProgramData\chocolatey\bin;C:\Apache24\php;C:\Apache24\bin;C:\Program Files\MySQL\MySQL Shell 8.0\bin\;C:\Users\bechj\AppData\Local\Microsoft\WindowsApps;D:\Microsoft VS Code\bin;D:\flutter_sdk\flutter\dart-sdk\bin;D:\flutter_sdk\flutter\bin;C:\Users\bechj\.dotnet\tools;
USERNAME=bechj
OS=Windows_NT
PROCESSOR_IDENTIFIER=Intel64 Family 6 Model 142 Stepping 12, GenuineIntel
TMP=C:\Users\bechj\AppData\Local\Temp
TEMP=C:\Users\bechj\AppData\Local\Temp


JNI global refs:
JNI global refs: 25, weak refs: 0

JNI global refs memory usage: 843, weak refs: 841


---------------  S Y S T E M  ---------------

OS:
 Windows 11 , 64 bit Build 22621 (10.0.22621.3235)
OS uptime: 0 days 12:48 hours
Hyper-V role detected

CPU: total 4 (initial active 4) (2 cores per cpu, 2 threads per core) family 6 model 142 stepping 12 microcode 0xde, cx8, cmov, fxsr, ht, mmx, 3dnowpref, sse, sse2, sse3, ssse3, sse4.1, sse4.2, popcnt, lzcnt, tsc, tscinvbit, avx, avx2, aes, erms, clmul, bmi1, bmi2, adx, fma, vzeroupper, clflush, clflushopt, hv

Memory: 4k page, system-wide physical 8025M (497M free)
TotalPageFile size 20679M (AvailPageFile size 5M)
current process WorkingSet (physical memory assigned to process): 252M, peak: 363M
current process commit charge ("private bytes"): 415M, peak: 419M

vm_info: OpenJDK 64-Bit Server VM (17.0.6+0-b2043.56-10027231) for windows-amd64 JRE (17.0.6+0-b2043.56-10027231), built on Apr 28 2023 00:43:19 by "androidbuild" with MS VC++ 16.10 / 16.11 (VS2019)

END.
